<?xml version="1.0" encoding="UTF-8"?>
<robot generator="Robot 7.0 (Python 3.13.0 on win32)" generated="2025-10-30T12:33:16.488263" rpa="false" schemaversion="5">
<suite id="s1" name="Robot-02-Personnel" source="D:\Coding Works\Robot-Visit\tests\robot-02-personnel.robot">
<test id="s1-t1" name="TC1402 - เพิ่มบุคลากรใหม่โดยไม่กรอกหรือเลือกข้อมูลใดๆเลย" line="67">
<kw name="Open Browser" owner="SeleniumLibrary">
<msg time="2025-10-30T12:33:18.142716" level="INFO">Opening browser 'chrome' to base url 'https://project-visit-home.xyz/'.</msg>
<msg time="2025-10-30T12:33:18.857859" level="WARN">There was an error managing chromedriver (error sending request for url (https://googlechromelabs.github.io/chrome-for-testing/known-good-versions-with-downloads.json)); using driver found in the cache</msg>
<msg time="2025-10-30T12:33:18.859485" level="WARN">Error sending stats to Plausible: error sending request for url (https://plausible.io/api/event)</msg>
<msg time="2025-10-30T12:33:23.958063" level="INFO" html="true">&lt;/td&gt;&lt;/tr&gt;&lt;tr&gt;&lt;td colspan="3"&gt;&lt;a href="selenium-screenshot-4.png"&gt;&lt;img src="selenium-screenshot-4.png" width="800px"&gt;&lt;/a&gt;</msg>
<msg time="2025-10-30T12:33:23.959113" level="FAIL">WebDriverException: Message: unknown error: net::ERR_NAME_NOT_RESOLVED
  (Session info: chrome=141.0.7390.123)
Stacktrace:
	GetHandleVerifier [0x0x7ff625f7e995+80021]
	GetHandleVerifier [0x0x7ff625f7e9f0+80112]
	(No symbol) [0x0x7ff625d0060f]
	(No symbol) [0x0x7ff625cfd0bf]
	(No symbol) [0x0x7ff625cedae9]
	(No symbol) [0x0x7ff625cef94e]
	(No symbol) [0x0x7ff625cee0d2]
	(No symbol) [0x0x7ff625ced859]
	(No symbol) [0x0x7ff625ced51d]
	(No symbol) [0x0x7ff625ceb08c]
	(No symbol) [0x0x7ff625ceb91c]
	(No symbol) [0x0x7ff625d046da]
	(No symbol) [0x0x7ff625daa47e]
	(No symbol) [0x0x7ff625d8122a]
	(No symbol) [0x0x7ff625da968a]
	(No symbol) [0x0x7ff625d81003]
	(No symbol) [0x0x7ff625d495d1]
	(No symbol) [0x0x7ff625d4a3f3]
	GetHandleVerifier [0x0x7ff62623dd4d+2960461]
	GetHandleVerifier [0x0x7ff62623800a+2936586]
	GetHandleVerifier [0x0x7ff626258a47+3070279]
	GetHandleVerifier [0x0x7ff625f9847e+185214]
	GetHandleVerifier [0x0x7ff625f9fecf+216527]
	GetHandleVerifier [0x0x7ff625f87bd4+117460]
	GetHandleVerifier [0x0x7ff625f87d8f+117903]
	GetHandleVerifier [0x0x7ff625f6dc68+11112]
	BaseThreadInitThunk [0x0x7ffcfceae8d7+23]
	RtlUserThreadStart [0x0x7ffcfd0cc53c+44]
</msg>
<arg>${URL}</arg>
<arg>${BROWSER}</arg>
<doc>Opens a new browser instance to the optional ``url``.</doc>
<status status="FAIL" start="2025-10-30T12:33:18.141856" elapsed="6.333346">WebDriverException: Message: unknown error: net::ERR_NAME_NOT_RESOLVED
  (Session info: chrome=141.0.7390.123)
Stacktrace:
	GetHandleVerifier [0x0x7ff625f7e995+80021]
	GetHandleVerifier [0x0x7ff625f7e9f0+80112]
	(No symbol) [0x0x7ff625d0060f]
	(No symbol) [0x0x7ff625cfd0bf]
	(No symbol) [0x0x7ff625cedae9]
	(No symbol) [0x0x7ff625cef94e]
	(No symbol) [0x0x7ff625cee0d2]
	(No symbol) [0x0x7ff625ced859]
	(No symbol) [0x0x7ff625ced51d]
	(No symbol) [0x0x7ff625ceb08c]
	(No symbol) [0x0x7ff625ceb91c]
	(No symbol) [0x0x7ff625d046da]
	(No symbol) [0x0x7ff625daa47e]
	(No symbol) [0x0x7ff625d8122a]
	(No symbol) [0x0x7ff625da968a]
	(No symbol) [0x0x7ff625d81003]
	(No symbol) [0x0x7ff625d495d1]
	(No symbol) [0x0x7ff625d4a3f3]
	GetHandleVerifier [0x0x7ff62623dd4d+2960461]
	GetHandleVerifier [0x0x7ff62623800a+2936586]
	GetHandleVerifier [0x0x7ff626258a47+3070279]
	GetHandleVerifier [0x0x7ff625f9847e+185214]
	GetHandleVerifier [0x0x7ff625f9fecf+216527]
	GetHandleVerifier [0x0x7ff625f87bd4+117460]
	GetHandleVerifier [0x0x7ff625f87d8f+117903]
	GetHandleVerifier [0x0x7ff625f6dc68+11112]
	BaseThreadInitThunk [0x0x7ffcfceae8d7+23]
	RtlUserThreadStart [0x0x7ffcfd0cc53c+44]
</status>
</kw>
<kw name="Maximize Browser Window" owner="SeleniumLibrary">
<doc>Maximizes current browser window.</doc>
<status status="NOT RUN" start="2025-10-30T12:33:24.493276" elapsed="0.000187"/>
</kw>
<kw name="Click Element" owner="SeleniumLibrary">
<arg>xpath=//*[@id="privacy_checkbox"]</arg>
<doc>Click the element identified by ``locator``.</doc>
<status status="NOT RUN" start="2025-10-30T12:33:24.503930" elapsed="0.000127"/>
</kw>
<kw name="Click Element" owner="SeleniumLibrary">
<arg>xpath=//*[@id="privacy_modal"]/div/div[2]/form/button</arg>
<doc>Click the element identified by ``locator``.</doc>
<status status="NOT RUN" start="2025-10-30T12:33:24.504840" elapsed="0.000061"/>
</kw>
<kw name="Click Element" owner="SeleniumLibrary">
<arg>id=btn-login</arg>
<doc>Click the element identified by ``locator``.</doc>
<status status="NOT RUN" start="2025-10-30T12:33:24.506497" elapsed="0.000296"/>
</kw>
<kw name="Login With Google OAuth" owner="keywords">
<arg>${USERNAME}</arg>
<arg>${PASSWORD}</arg>
<status status="NOT RUN" start="2025-10-30T12:33:24.522266" elapsed="0.000232"/>
</kw>
<kw name="Sleep" owner="BuiltIn">
<arg>5s</arg>
<doc>Pauses the test executed for the given time.</doc>
<status status="NOT RUN" start="2025-10-30T12:33:24.536332" elapsed="0.000305"/>
</kw>
<kw name="Page Should Contain" owner="SeleniumLibrary">
<arg>รายชื่อบุคลากร</arg>
<doc>Verifies that current page contains ``text``.</doc>
<status status="NOT RUN" start="2025-10-30T12:33:24.539314" elapsed="0.000111"/>
</kw>
<kw name="Add Teacher">
<status status="NOT RUN" start="2025-10-30T12:33:24.540230" elapsed="0.000114"/>
</kw>
<kw name="Submit Personnel No Info Error">
<status status="NOT RUN" start="2025-10-30T12:33:24.550818" elapsed="0.001127"/>
</kw>
<kw name="Capture Page Screenshot With Name">
<arg>TC1402_Validation</arg>
<status status="NOT RUN" start="2025-10-30T12:33:24.575863" elapsed="0.002216"/>
</kw>
<kw name="Close Browser" owner="SeleniumLibrary">
<doc>Closes the current browser.</doc>
<status status="NOT RUN" start="2025-10-30T12:33:24.595309" elapsed="0.000123"/>
</kw>
<doc>Test case to add new personnel without selecting prefix</doc>
<status status="FAIL" start="2025-10-30T12:33:18.133540" elapsed="6.482120">WebDriverException: Message: unknown error: net::ERR_NAME_NOT_RESOLVED
  (Session info: chrome=141.0.7390.123)
Stacktrace:
	GetHandleVerifier [0x0x7ff625f7e995+80021]
	GetHandleVerifier [0x0x7ff625f7e9f0+80112]
	(No symbol) [0x0x7ff625d0060f]
	(No symbol) [0x0x7ff625cfd0bf]
	(No symbol) [0x0x7ff625cedae9]
	(No symbol) [0x0x7ff625cef94e]
	(No symbol) [0x0x7ff625cee0d2]
	(No symbol) [0x0x7ff625ced859]
	(No symbol) [0x0x7ff625ced51d]
	(No symbol) [0x0x7ff625ceb08c]
	(No symbol) [0x0x7ff625ceb91c]
	(No symbol) [0x0x7ff625d046da]
	(No symbol) [0x0x7ff625daa47e]
	(No symbol) [0x0x7ff625d8122a]
	(No symbol) [0x0x7ff625da968a]
	(No symbol) [0x0x7ff625d81003]
	(No symbol) [0x0x7ff625d495d1]
	(No symbol) [0x0x7ff625d4a3f3]
	GetHandleVerifier [0x0x7ff62623dd4d+2960461]
	GetHandleVerifier [0x0x7ff62623800a+2936586]
	GetHandleVerifier [0x0x7ff626258a47+3070279]
	GetHandleVerifier [0x0x7ff625f9847e+185214]
	GetHandleVerifier [0x0x7ff625f9fecf+216527]
	GetHandleVerifier [0x0x7ff625f87bd4+117460]
	GetHandleVerifier [0x0x7ff625f87d8f+117903]
	GetHandleVerifier [0x0x7ff625f6dc68+11112]
	BaseThreadInitThunk [0x0x7ffcfceae8d7+23]
	RtlUserThreadStart [0x0x7ffcfd0cc53c+44]
</status>
</test>
<doc>ชุดการทดสอบสำหรับระบบจัดการข้อมูลบุคลากร (Personnel Management)</doc>
<status status="FAIL" start="2025-10-30T12:33:16.493318" elapsed="8.165059"/>
</suite>
<statistics>
<total>
<stat pass="0" fail="1" skip="0">All Tests</stat>
</total>
<tag>
</tag>
<suite>
<stat pass="0" fail="1" skip="0" id="s1" name="Robot-02-Personnel">Robot-02-Personnel</stat>
</suite>
</statistics>
<errors>
<msg time="2025-10-30T12:33:18.857859" level="WARN">There was an error managing chromedriver (error sending request for url (https://googlechromelabs.github.io/chrome-for-testing/known-good-versions-with-downloads.json)); using driver found in the cache</msg>
<msg time="2025-10-30T12:33:18.859485" level="WARN">Error sending stats to Plausible: error sending request for url (https://plausible.io/api/event)</msg>
</errors>
</robot>
